<?xml version="1.0" encoding="utf-8"?><testsuites name="pytest tests"><testsuite name="pytest" errors="0" failures="0" skipped="0" tests="9" time="5.685" timestamp="2026-06-28T12:16:57.164490+00:00" hostname="agent-env-25436e9e-d319-4617-b648-b5f7f1ba3b07"><testcase classname="backend.tests.test_vlm_fallback.TestHealth" name="test_health_fields" time="0.150" /><testcase classname="backend.tests.test_vlm_fallback.TestAnalyze" name="test_response_structure" time="1.346" /><testcase classname="backend.tests.test_vlm_fallback.TestAnalyze" name="test_damages_have_part_source" time="0.000" /><testcase classname="backend.tests.test_vlm_fallback.TestAnalyze" name="test_vlm_fallback_on_crash6" time="3.730" /><testcase classname="backend.tests.test_vlm_fallback.TestAnalyze" name="test_vlm_enhanced_damages_have_metadata" time="0.000" /><testcase classname="backend.tests.test_vlm_fallback.TestAnalysesPersistence" name="test_list_analyses" time="0.048" /><testcase classname="backend.tests.test_vlm_fallback.TestAnalysesPersistence" name="test_get_analysis_by_id" time="0.080" /><testcase classname="backend.tests.test_vlm_fallback.TestAnalysesPersistence" name="test_pdf_download" time="0.185" /><testcase classname="backend.tests.test_vlm_fallback.TestQualityCheck" name="test_quality_check_independent" time="0.083" /></testsuite></testsuites>