<?xml version="1.0" encoding="utf-8"?><testsuites name="pytest tests"><testsuite name="pytest" errors="0" failures="0" skipped="0" tests="13" time="27.402" timestamp="2026-04-14T21:35:32.043150+00:00" hostname="agent-env-25436e9e-d319-4617-b648-b5f7f1ba3b07"><testcase classname="backend.tests.test_sam_calibration.TestSAMStatus" name="test_sam_status_returns_correct_fields" time="0.264" /><testcase classname="backend.tests.test_sam_calibration.TestSAMCalibration" name="test_analyze_returns_sam_data" time="13.141" /><testcase classname="backend.tests.test_sam_calibration.TestSAMCalibration" name="test_sam_measurements_structure" time="0.000" /><testcase classname="backend.tests.test_sam_calibration.TestSAMCalibration" name="test_panel_calibrated_measurements" time="0.000" /><testcase classname="backend.tests.test_sam_calibration.TestSAMCalibration" name="test_type_factor_applied" time="0.000" /><testcase classname="backend.tests.test_sam_calibration.TestSAMCalibration" name="test_bbox_ratio_analysis" time="0.000" /><testcase classname="backend.tests.test_sam_calibration.TestSAMCalibration" name="test_image_ratio_analysis" time="0.000" /><testcase classname="backend.tests.test_sam_calibration.TestSAMCalibration" name="test_size_band_reflects_calibrated_values" time="0.000" /><testcase classname="backend.tests.test_sam_calibration.TestSAMLimit" name="test_sam_limit_with_multiple_damages" time="12.716" /><testcase classname="backend.tests.test_sam_calibration.TestTypeFactor" name="test_scratch_has_smaller_area_than_dent" time="0.000" /><testcase classname="backend.tests.test_sam_calibration.TestRegressionCompareUpload" name="test_compare_upload_still_works" time="0.904" /><testcase classname="backend.tests.test_sam_calibration.TestRegressionReviewQueue" name="test_review_queue_still_works" time="0.156" /><testcase classname="backend.tests.test_sam_calibration.TestRegressionQualityCheck" name="test_quality_check_still_works" time="0.138" /></testsuite></testsuites>