<?xml version="1.0" encoding="utf-8"?><testsuites name="pytest tests"><testsuite name="pytest" errors="0" failures="0" skipped="0" tests="13" time="176.633" timestamp="2026-04-14T21:01:38.825299+00:00" hostname="agent-env-25436e9e-d319-4617-b648-b5f7f1ba3b07"><testcase classname="backend.tests.test_sam_compare_features.TestSAMStatusEndpoint" name="test_sam_status_returns_info" time="0.467" /><testcase classname="backend.tests.test_sam_compare_features.TestSAMInAnalyze" name="test_analyze_returns_sam_available_flag" time="34.855" /><testcase classname="backend.tests.test_sam_compare_features.TestSAMInAnalyze" name="test_analyze_returns_sam_data_for_damages" time="46.935" /><testcase classname="backend.tests.test_sam_compare_features.TestCompareUploadEndpoint" name="test_compare_upload_returns_comparison" time="0.999" /><testcase classname="backend.tests.test_sam_compare_features.TestCompareUploadEndpoint" name="test_compare_upload_returns_alignment_info" time="1.268" /><testcase classname="backend.tests.test_sam_compare_features.TestCompareByIDEndpoint" name="test_compare_by_id_returns_comparison" time="57.110" /><testcase classname="backend.tests.test_sam_compare_features.TestCompareByIDEndpoint" name="test_compare_by_id_not_found_before" time="0.139" /><testcase classname="backend.tests.test_sam_compare_features.TestCompareByIDEndpoint" name="test_compare_by_id_not_found_after" time="0.127" /><testcase classname="backend.tests.test_sam_compare_features.TestComparisonsListEndpoint" name="test_comparisons_list_returns_array" time="0.117" /><testcase classname="backend.tests.test_sam_compare_features.TestComparisonsListEndpoint" name="test_comparisons_list_with_limit" time="0.128" /><testcase classname="backend.tests.test_sam_compare_features.TestExistingFeaturesStillWork" name="test_quality_check_still_works" time="0.181" /><testcase classname="backend.tests.test_sam_compare_features.TestExistingFeaturesStillWork" name="test_review_queue_still_works" time="0.141" /><testcase classname="backend.tests.test_sam_compare_features.TestExistingFeaturesStillWork" name="test_analyze_still_returns_quality_anomaly_repair" time="34.077" /></testsuite></testsuites>