<?xml version="1.0" encoding="utf-8"?><testsuites name="pytest tests"><testsuite name="pytest" errors="0" failures="0" skipped="0" tests="17" time="8.101" timestamp="2026-04-14T20:30:25.024122+00:00" hostname="agent-env-25436e9e-d319-4617-b648-b5f7f1ba3b07"><testcase classname="tests.test_autodamage_features.TestHealthEndpoint" name="test_health_check" time="0.294" /><testcase classname="tests.test_autodamage_features.TestQualityCheckEndpoint" name="test_quality_check_returns_metrics" time="0.227" /><testcase classname="tests.test_autodamage_features.TestQualityCheckEndpoint" name="test_quality_check_rejects_non_image" time="0.123" /><testcase classname="tests.test_autodamage_features.TestAnalyzeEndpoint" name="test_analyze_returns_quality_data" time="0.775" /><testcase classname="tests.test_autodamage_features.TestAnalyzeEndpoint" name="test_analyze_returns_anomaly_data" time="0.627" /><testcase classname="tests.test_autodamage_features.TestAnalyzeEndpoint" name="test_analyze_returns_repair_recommendations" time="0.605" /><testcase classname="tests.test_autodamage_features.TestAnalyzeEndpoint" name="test_analyze_returns_enhanced_severity" time="0.443" /><testcase classname="tests.test_autodamage_features.TestAnalyzeEndpoint" name="test_analyze_returns_review_flag" time="0.559" /><testcase classname="tests.test_autodamage_features.TestDuplicateDetection" name="test_duplicate_detection_increases_anomaly_score" time="1.482" /><testcase classname="tests.test_autodamage_features.TestReviewQueueEndpoint" name="test_review_queue_returns_list" time="0.177" /><testcase classname="tests.test_autodamage_features.TestReviewQueueEndpoint" name="test_review_queue_with_limit" time="0.130" /><testcase classname="tests.test_autodamage_features.TestMarkReviewedEndpoint" name="test_mark_reviewed_success" time="0.788" /><testcase classname="tests.test_autodamage_features.TestMarkReviewedEndpoint" name="test_mark_reviewed_not_found" time="0.189" /><testcase classname="tests.test_autodamage_features.TestAnalysesEndpoints" name="test_get_analyses_list" time="0.188" /><testcase classname="tests.test_autodamage_features.TestAnalysesEndpoints" name="test_get_analysis_by_id" time="0.547" /><testcase classname="tests.test_autodamage_features.TestAnalysesEndpoints" name="test_get_analysis_not_found" time="0.114" /><testcase classname="tests.test_autodamage_features.TestRiskLevelValues" name="test_risk_levels_are_turkish" time="0.743" /></testsuite></testsuites>